<?xml version="1.0" encoding="UTF-8"?>
<!-- Generated by org.testng.reporters.JUnitXMLReporter -->
<testsuite ignored="0" hostname="DESKTOP-QQJINFP" failures="0" tests="5" name="Surefire test" time="5.631" errors="0" timestamp="2023-04-20T09:22:49 ART">
  <testcase classname="Edit.EducacionIT_61770.AppTest" name="imprimirMensaje" time="0.001"/>
  <testcase classname="pruebas.Clase8Test" name="alertaConDemora" time="5.409"/>
  <testcase classname="pruebas.Clase8Test" name="alertaConfirmacion" time="0.067"/>
  <testcase classname="pruebas.Clase8Test" name="alertaNotificacion" time="0.064"/>
  <testcase classname="pruebas.Clase8Test" name="alertaPrompt" time="0.069"/>
</testsuite> <!-- Surefire test -->
