<?xml version="1.0" encoding="UTF-8"?>
<testng-results ignored="0" total="5" passed="5" failed="0" skipped="0">
  <reporter-output>
  </reporter-output>
  <suite started-at="2023-04-20T09:22:43 ART" name="Surefire suite" finished-at="2023-04-20T09:22:49 ART" duration-ms="5631">
    <groups>
    </groups>
    <test started-at="2023-04-20T09:22:43 ART" name="Surefire test" finished-at="2023-04-20T09:22:49 ART" duration-ms="5631">
      <class name="pruebas.Clase8Test">
        <test-method is-config="true" signature="abrirNavegador()[pri:0, instance:pruebas.Clase8Test@75f32542]" started-at="2023-04-20T09:22:30 ART" name="abrirNavegador" finished-at="2023-04-20T09:22:43 ART" duration-ms="13345" status="PASS">
          <reporter-output>
          </reporter-output>
        </test-method> <!-- abrirNavegador -->
        <test-method signature="alertaConDemora()[pri:0, instance:pruebas.Clase8Test@75f32542]" started-at="2023-04-20T09:22:43 ART" name="alertaConDemora" finished-at="2023-04-20T09:22:48 ART" duration-ms="5409" status="PASS">
          <reporter-output>
          </reporter-output>
        </test-method> <!-- alertaConDemora -->
        <test-method signature="alertaConfirmacion()[pri:0, instance:pruebas.Clase8Test@75f32542]" started-at="2023-04-20T09:22:48 ART" name="alertaConfirmacion" finished-at="2023-04-20T09:22:49 ART" duration-ms="67" status="PASS">
          <reporter-output>
          </reporter-output>
        </test-method> <!-- alertaConfirmacion -->
        <test-method signature="alertaNotificacion()[pri:0, instance:pruebas.Clase8Test@75f32542]" started-at="2023-04-20T09:22:49 ART" name="alertaNotificacion" finished-at="2023-04-20T09:22:49 ART" duration-ms="64" status="PASS">
          <reporter-output>
          </reporter-output>
        </test-method> <!-- alertaNotificacion -->
        <test-method signature="alertaPrompt()[pri:0, instance:pruebas.Clase8Test@75f32542]" started-at="2023-04-20T09:22:49 ART" name="alertaPrompt" finished-at="2023-04-20T09:22:49 ART" duration-ms="69" status="PASS">
          <reporter-output>
          </reporter-output>
        </test-method> <!-- alertaPrompt -->
        <test-method is-config="true" signature="cerrarNavegador()[pri:0, instance:pruebas.Clase8Test@75f32542]" started-at="2023-04-20T09:22:49 ART" name="cerrarNavegador" finished-at="2023-04-20T09:22:49 ART" duration-ms="0" status="PASS">
          <reporter-output>
          </reporter-output>
        </test-method> <!-- cerrarNavegador -->
      </class> <!-- pruebas.Clase8Test -->
      <class name="Edit.EducacionIT_61770.AppTest">
        <test-method signature="imprimirMensaje()[pri:0, instance:Edit.EducacionIT_61770.AppTest@b62fe6d]" started-at="2023-04-20T09:22:43 ART" name="imprimirMensaje" finished-at="2023-04-20T09:22:43 ART" duration-ms="1" status="PASS">
          <reporter-output>
          </reporter-output>
        </test-method> <!-- imprimirMensaje -->
      </class> <!-- Edit.EducacionIT_61770.AppTest -->
    </test> <!-- Surefire test -->
  </suite> <!-- Surefire suite -->
</testng-results>
